C:\Program Files (x86)\MSBuild\Microsoft.Cpp\v4.0\V140\Microsoft.CppBuild.targets(400,5): warning MSB8029: The Intermediate directory or Output directory cannot reside under the Temporary directory as it could lead to issues with incremental build.
  nums_spe.c
  D3D11_IndexBufferGPU.cpp
  D3D11_ResourceBufferGPU.cpp
  D3D11_VertexBufferGPU.cpp
  D3D9_IndexBufferGPU.cpp
  D3D9_VertexBufferGPU.cpp
  DX9_KeyboardMouse.cpp
  DX9_XInput.cpp
  Effect.cpp
  EffectManager.cpp
  EffectManagerEffects.cpp
  Effect_D3D11.cpp
  Effect_D3D9.cpp
  Effect_GL.cpp
  Effect_Lua.cpp
  ExternalPerTechniqueData.cpp
  GLSLAttributes.cpp
  PEAlphaBlendState.cpp
  PEDepthStencilState.cpp
c:\users\aaron\desktop\schoolwork\csci_522\milestone\peworkspace\code\primeengine\apiabstraction\effect\effect.cpp(181): warning C4996: 'sprintf': This function or variable may be unsafe. Consider using sprintf_s instead. To disable deprecation, use _CRT_SECURE_NO_WARNINGS. See online help for details.
  c:\program files (x86)\windows kits\10\include\10.0.10240.0\ucrt\stdio.h(1769): note: see declaration of 'sprintf'
c:\users\aaron\desktop\schoolwork\csci_522\milestone\peworkspace\code\primeengine\apiabstraction\effect\effect.cpp(182): warning C4996: 'sprintf': This function or variable may be unsafe. Consider using sprintf_s instead. To disable deprecation, use _CRT_SECURE_NO_WARNINGS. See online help for details.
  c:\program files (x86)\windows kits\10\include\10.0.10240.0\ucrt\stdio.h(1769): note: see declaration of 'sprintf'
c:\users\aaron\desktop\schoolwork\csci_522\milestone\peworkspace\code\primeengine\apiabstraction\effect\effect.cpp(183): warning C4996: 'sprintf': This function or variable may be unsafe. Consider using sprintf_s instead. To disable deprecation, use _CRT_SECURE_NO_WARNINGS. See online help for details.
  c:\program files (x86)\windows kits\10\include\10.0.10240.0\ucrt\stdio.h(1769): note: see declaration of 'sprintf'
c:\users\aaron\desktop\schoolwork\csci_522\milestone\peworkspace\code\primeengine\apiabstraction\effect\effect.cpp(184): warning C4996: 'sprintf': This function or variable may be unsafe. Consider using sprintf_s instead. To disable deprecation, use _CRT_SECURE_NO_WARNINGS. See online help for details.
  c:\program files (x86)\windows kits\10\include\10.0.10240.0\ucrt\stdio.h(1769): note: see declaration of 'sprintf'
  PERasterizerState.cpp
  AnimSetBufferGPU.cpp
  BufferInfo.cpp
  IndexBufferGPU.cpp
  ResourceBufferGPU.cpp
  VertexBufferGPU.cpp
  VertexBufferGPUInputGeoDescs.cpp
  VertexBufferGPUManager.cpp
  GPUMaterial.cpp
  Input.cpp
  OGL_IndexBufferGPU.cpp
  OGL_VertexBufferGPU.cpp
  GPUTextureManager.cpp
c:\users\aaron\desktop\schoolwork\csci_522\milestone\peworkspace\code\primeengine\apiabstraction\gpubuffers\indexbuffergpu.cpp(24): warning C4996: 'strcpy': This function or variable may be unsafe. Consider using strcpy_s instead. To disable deprecation, use _CRT_SECURE_NO_WARNINGS. See online help for details.
  c:\program files (x86)\windows kits\10\include\10.0.10240.0\ucrt\string.h(119): note: see declaration of 'strcpy'
  SamplerState.cpp
  Texture.cpp
  Texture_DDS_Loader_Common.cpp
  Texture_DDS_Loader_D3D.cpp
  Texture_DrawableIntoColorTexture.cpp
  Texture_DrawableIntoColorTextureArray.cpp
  Texture_DrawableIntoColorTextureWithDepth.cpp
  Texture_DrawableIntoDepthTexture.cpp
  Timer.cpp
  WinTimer.cpp
c:\users\aaron\desktop\schoolwork\csci_522\milestone\peworkspace\code\primeengine\apiabstraction\texture\texture.cpp(73): warning C4800: 'LPDIRECT3DTEXTURE9': forcing value to bool 'true' or 'false' (performance warning)
  WinApplication.cpp
  Component.cpp
  Event.cpp
c:\users\aaron\desktop\schoolwork\csci_522\milestone\peworkspace\code\primeengine\apiabstraction\texture\texture_dds_loader_common.cpp(305): warning C4800: 'uint32_t': forcing value to bool 'true' or 'false' (performance warning)
c:\users\aaron\desktop\schoolwork\csci_522\milestone\peworkspace\code\primeengine\apiabstraction\texture\texture_dds_loader_common.cpp(310): warning C4800: 'unsigned char *': forcing value to bool 'true' or 'false' (performance warning)
  EventQueue.cpp
  EventQueueManager.cpp
  StandardControllerEvents.cpp
  StandardEvents.cpp
c:\users\aaron\desktop\schoolwork\csci_522\milestone\peworkspace\code\primeengine\application\winapplication.cpp(47): warning C4838: conversion from 'unsigned int' to 'LONG' requires a narrowing conversion
  StandardGameEvents.cpp
  StandardKeyboardEvents.cpp
  FileReader.cpp
  FileWriter.cpp
  ClientGame.cpp
  GameContext.cpp
  GlobalRegistry.cpp
  ServerGame.cpp
  Camera.cpp
  DefaultGameControls.cpp
  GameObjectManager.cpp
c:\users\aaron\desktop\schoolwork\csci_522\milestone\peworkspace\code\primeengine\filesystem\filereader.cpp(24): warning C4996: 'fopen': This function or variable may be unsafe. Consider using fopen_s instead. To disable deprecation, use _CRT_SECURE_NO_WARNINGS. See online help for details.
  c:\program files (x86)\windows kits\10\include\10.0.10240.0\ucrt\stdio.h(205): note: see declaration of 'fopen'
c:\users\aaron\desktop\schoolwork\csci_522\milestone\peworkspace\code\primeengine\filesystem\filereader.cpp(115): warning C4996: 'fscanf': This function or variable may be unsafe. Consider using fscanf_s instead. To disable deprecation, use _CRT_SECURE_NO_WARNINGS. See online help for details.
  c:\program files (x86)\windows kits\10\include\10.0.10240.0\ucrt\stdio.h(1193): note: see declaration of 'fscanf'
c:\users\aaron\desktop\schoolwork\csci_522\milestone\peworkspace\code\primeengine\filesystem\filereader.cpp(124): warning C4996: 'fscanf': This function or variable may be unsafe. Consider using fscanf_s instead. To disable deprecation, use _CRT_SECURE_NO_WARNINGS. See online help for details.
  c:\program files (x86)\windows kits\10\include\10.0.10240.0\ucrt\stdio.h(1193): note: see declaration of 'fscanf'
c:\users\aaron\desktop\schoolwork\csci_522\milestone\peworkspace\code\primeengine\filesystem\filereader.cpp(181): warning C4996: 'fopen': This function or variable may be unsafe. Consider using fopen_s instead. To disable deprecation, use _CRT_SECURE_NO_WARNINGS. See online help for details.
  c:\program files (x86)\windows kits\10\include\10.0.10240.0\ucrt\stdio.h(205): note: see declaration of 'fopen'
c:\users\aaron\desktop\schoolwork\csci_522\milestone\peworkspace\code\primeengine\filesystem\filereader.cpp(210): warning C4996: 'fopen': This function or variable may be unsafe. Consider using fopen_s instead. To disable deprecation, use _CRT_SECURE_NO_WARNINGS. See online help for details.
  c:\program files (x86)\windows kits\10\include\10.0.10240.0\ucrt\stdio.h(205): note: see declaration of 'fopen'
  GameThreadJob.cpp
  ColorBufferCPU.cpp
  IndexBufferCPU.cpp
  MaterialCPU.cpp
  MaterialSetCPU.cpp
  MeshCPU.cpp
  PointListCPU.cpp
  NormalBufferCPU.cpp
c:\users\aaron\desktop\schoolwork\csci_522\milestone\peworkspace\code\primeengine\geometry\indexbuffercpu\indexbuffercpu.cpp(21): warning C4996: 'strcpy': This function or variable may be unsafe. Consider using strcpy_s instead. To disable deprecation, use _CRT_SECURE_NO_WARNINGS. See online help for details.
  c:\program files (x86)\windows kits\10\include\10.0.10240.0\ucrt\string.h(119): note: see declaration of 'strcpy'
  NormalBufferCPUManager.cpp
c:\users\aaron\desktop\schoolwork\csci_522\milestone\peworkspace\code\primeengine\geometry\materialcpu\materialcpu.cpp(215): warning C4800: 'int': forcing value to bool 'true' or 'false' (performance warning)
c:\users\aaron\desktop\schoolwork\csci_522\milestone\peworkspace\code\primeengine\geometry\materialcpu\materialcpu.cpp(225): warning C4800: 'int': forcing value to bool 'true' or 'false' (performance warning)
  BladeFireParticleSystemCPU.cpp
  ExplosionParticleSystemCPU.cpp
c:\users\aaron\desktop\schoolwork\csci_522\milestone\peworkspace\code\primeengine\gamethreadjob.cpp(314): warning C4996: 'sprintf': This function or variable may be unsafe. Consider using sprintf_s instead. To disable deprecation, use _CRT_SECURE_NO_WARNINGS. See online help for details.
  c:\program files (x86)\windows kits\10\include\10.0.10240.0\ucrt\stdio.h(1769): note: see declaration of 'sprintf'
c:\users\aaron\desktop\schoolwork\csci_522\milestone\peworkspace\code\primeengine\gamethreadjob.cpp(325): warning C4996: 'sprintf': This function or variable may be unsafe. Consider using sprintf_s instead. To disable deprecation, use _CRT_SECURE_NO_WARNINGS. See online help for details.
  c:\program files (x86)\windows kits\10\include\10.0.10240.0\ucrt\stdio.h(1769): note: see declaration of 'sprintf'
c:\users\aaron\desktop\schoolwork\csci_522\milestone\peworkspace\code\primeengine\gamethreadjob.cpp(350): warning C4996: 'sprintf': This function or variable may be unsafe. Consider using sprintf_s instead. To disable deprecation, use _CRT_SECURE_NO_WARNINGS. See online help for details.
  c:\program files (x86)\windows kits\10\include\10.0.10240.0\ucrt\stdio.h(1769): note: see declaration of 'sprintf'
  FireParticleSystemCPU.cpp
  ParticleBufferCPU.cpp
  ParticleSystemCPU.cpp
  RainParticleSystemCPU.cpp
  SmokeParticleSystemCPU.cpp
  PositionBufferCPU.cpp
  PositionBufferCPUManager.cpp
  AnimationCPU.cpp
  AnimationSetCPU.cpp
  AnimationSetGPUManager.cpp
  SkeletonCPU.cpp
  SkinWeightsCPU.cpp
  TangentBuferCPU.cpp
c:\users\aaron\desktop\schoolwork\csci_522\milestone\peworkspace\code\primeengine\geometry\skeletoncpu\animationcpu.cpp(47): warning C4018: '<': signed/unsigned mismatch
  TexCoordBufferCPU.cpp
  TexCoordBufferCPUManager.cpp
  Log.cpp
  ClientLuaEnvironment.cpp
  EventDataCreators.cpp
  LuaEnvironment.cpp
  ServerLuaEnvironment.cpp
  MainFunctionArgs.cpp
c:\users\aaron\desktop\schoolwork\csci_522\milestone\peworkspace\code\primeengine\geometry\skeletoncpu\skinweightscpu.cpp(69): warning C4018: '<': signed/unsigned mismatch
c:\users\aaron\desktop\schoolwork\csci_522\milestone\peworkspace\code\primeengine\geometry\skeletoncpu\skinweightscpu.cpp(72): warning C4018: '>': signed/unsigned mismatch
c:\users\aaron\desktop\schoolwork\csci_522\milestone\peworkspace\code\primeengine\geometry\skeletoncpu\skinweightscpu.cpp(76): warning C4018: '<': signed/unsigned mismatch
  CameraOps.cpp
  MemoryManager.cpp
  MemoryPool.cpp
  ClientConnectionManager.cpp
  ClientNetworkManager.cpp
  ConnectionManager.cpp
  EventManager.cpp
  NetworkManager.cpp
  ServerConnectionManager.cpp
  ServerNetworkManager.cpp
  StreamManager.cpp
  Profiling.cpp
  D3D9Renderer.cpp
  IRenderer.cpp
  MiscShaderActions.cpp
c:\users\aaron\desktop\schoolwork\csci_522\milestone\peworkspace\code\primeengine\networking\client\clientnetworkmanager.cpp(184): warning C4305: 'initializing': truncation from 'double' to 'float'
c:\users\aaron\desktop\schoolwork\csci_522\milestone\peworkspace\code\primeengine\networking\client\clientnetworkmanager.cpp(175): warning C4996: 'sprintf': This function or variable may be unsafe. Consider using sprintf_s instead. To disable deprecation, use _CRT_SECURE_NO_WARNINGS. See online help for details.
  c:\program files (x86)\windows kits\10\include\10.0.10240.0\ucrt\stdio.h(1769): note: see declaration of 'sprintf'
c:\users\aaron\desktop\schoolwork\csci_522\milestone\peworkspace\code\primeengine\networking\eventmanager.cpp(206): warning C4996: 'sprintf': This function or variable may be unsafe. Consider using sprintf_s instead. To disable deprecation, use _CRT_SECURE_NO_WARNINGS. See online help for details.
  c:\program files (x86)\windows kits\10\include\10.0.10240.0\ucrt\stdio.h(1769): note: see declaration of 'sprintf'
c:\users\aaron\desktop\schoolwork\csci_522\milestone\peworkspace\code\primeengine\networking\eventmanager.cpp(211): warning C4996: 'sprintf': This function or variable may be unsafe. Consider using sprintf_s instead. To disable deprecation, use _CRT_SECURE_NO_WARNINGS. See online help for details.
  c:\program files (x86)\windows kits\10\include\10.0.10240.0\ucrt\stdio.h(1769): note: see declaration of 'sprintf'
c:\users\aaron\desktop\schoolwork\csci_522\milestone\peworkspace\code\primeengine\networking\eventmanager.cpp(219): warning C4996: 'sprintf': This function or variable may be unsafe. Consider using sprintf_s instead. To disable deprecation, use _CRT_SECURE_NO_WARNINGS. See online help for details.
  c:\program files (x86)\windows kits\10\include\10.0.10240.0\ucrt\stdio.h(1769): note: see declaration of 'sprintf'
c:\users\aaron\desktop\schoolwork\csci_522\milestone\peworkspace\code\primeengine\networking\eventmanager.cpp(225): warning C4996: 'sprintf': This function or variable may be unsafe. Consider using sprintf_s instead. To disable deprecation, use _CRT_SECURE_NO_WARNINGS. See online help for details.
  c:\program files (x86)\windows kits\10\include\10.0.10240.0\ucrt\stdio.h(1769): note: see declaration of 'sprintf'
c:\users\aaron\desktop\schoolwork\csci_522\milestone\peworkspace\code\primeengine\networking\eventmanager.cpp(229): warning C4996: 'sprintf': This function or variable may be unsafe. Consider using sprintf_s instead. To disable deprecation, use _CRT_SECURE_NO_WARNINGS. See online help for details.
  c:\program files (x86)\windows kits\10\include\10.0.10240.0\ucrt\stdio.h(1769): note: see declaration of 'sprintf'
c:\users\aaron\desktop\schoolwork\csci_522\milestone\peworkspace\code\primeengine\networking\eventmanager.cpp(231): warning C4996: 'sprintf': This function or variable may be unsafe. Consider using sprintf_s instead. To disable deprecation, use _CRT_SECURE_NO_WARNINGS. See online help for details.
  c:\program files (x86)\windows kits\10\include\10.0.10240.0\ucrt\stdio.h(1769): note: see declaration of 'sprintf'
c:\users\aaron\desktop\schoolwork\csci_522\milestone\peworkspace\code\primeengine\networking\eventmanager.cpp(234): warning C4996: 'sprintf': This function or variable may be unsafe. Consider using sprintf_s instead. To disable deprecation, use _CRT_SECURE_NO_WARNINGS. See online help for details.
  c:\program files (x86)\windows kits\10\include\10.0.10240.0\ucrt\stdio.h(1769): note: see declaration of 'sprintf'
c:\users\aaron\desktop\schoolwork\csci_522\milestone\peworkspace\code\primeengine\networking\eventmanager.cpp(235): warning C4996: 'sprintf': This function or variable may be unsafe. Consider using sprintf_s instead. To disable deprecation, use _CRT_SECURE_NO_WARNINGS. See online help for details.
  c:\program files (x86)\windows kits\10\include\10.0.10240.0\ucrt\stdio.h(1769): note: see declaration of 'sprintf'
c:\users\aaron\desktop\schoolwork\csci_522\milestone\peworkspace\code\primeengine\networking\eventmanager.cpp(241): warning C4996: 'sprintf': This function or variable may be unsafe. Consider using sprintf_s instead. To disable deprecation, use _CRT_SECURE_NO_WARNINGS. See online help for details.
  c:\program files (x86)\windows kits\10\include\10.0.10240.0\ucrt\stdio.h(1769): note: see declaration of 'sprintf'
  SA_Bind_Resource.cpp
  SA_CopyInto_SysMem_FromInstancedObjectsAnimationCSReduceResult.cpp
  SA_SetAndBind_ConstResource_InstancedObjectsAnimationPalettes.cpp
  SA_SetAndBind_ConstResource_PerInstanceData.cpp
c:\users\aaron\desktop\schoolwork\csci_522\milestone\peworkspace\code\primeengine\networking\server\servernetworkmanager.cpp(192): warning C4305: 'initializing': truncation from 'double' to 'float'
c:\users\aaron\desktop\schoolwork\csci_522\milestone\peworkspace\code\primeengine\networking\server\servernetworkmanager.cpp(186): warning C4996: 'sprintf': This function or variable may be unsafe. Consider using sprintf_s instead. To disable deprecation, use _CRT_SECURE_NO_WARNINGS. See online help for details.
  c:\program files (x86)\windows kits\10\include\10.0.10240.0\ucrt\stdio.h(1769): note: see declaration of 'sprintf'
c:\users\aaron\desktop\schoolwork\csci_522\milestone\peworkspace\code\primeengine\networking\server\servernetworkmanager.cpp(198): warning C4996: 'sprintf': This function or variable may be unsafe. Consider using sprintf_s instead. To disable deprecation, use _CRT_SECURE_NO_WARNINGS. See online help for details.
  c:\program files (x86)\windows kits\10\include\10.0.10240.0\ucrt\stdio.h(1769): note: see declaration of 'sprintf'
  SA_SetAndBind_ConstResource_SingleObjectAnimationPalette.cpp
  SetInstanceControlConstantsShaderAction.cpp
  SetPerFrameConstantsShaderAction.cpp
  SetPerMaterialConstantsShaderAction.cpp
  SetPerObjectConstantsShaderAction.cpp
  SetPerObjectGroupConstantsShaderAction.cpp
  ShaderAction.cpp
  RenderJob.cpp
  CameraManager.cpp
  CameraSceneNode.cpp
  DebugRenderer.cpp
  DefaultAnimationSM.cpp
  DrawList.cpp
  InstancingSceneNode.cpp
  Light.cpp
  LineMesh.cpp
  Mesh.cpp
  MeshInstance.cpp
  MeshManager.cpp
  RootSceneNode.cpp
  SH_DRAW.cpp
c:\users\aaron\desktop\schoolwork\csci_522\milestone\peworkspace\code\primeengine\scene\defaultanimationsm.cpp(364): warning C4018: '<': signed/unsigned mismatch
c:\users\aaron\desktop\schoolwork\csci_522\milestone\peworkspace\code\primeengine\scene\defaultanimationsm.cpp(390): warning C4018: '<': signed/unsigned mismatch
c:\users\aaron\desktop\schoolwork\csci_522\milestone\peworkspace\code\primeengine\scene\defaultanimationsm.cpp(393): warning C4018: '<': signed/unsigned mismatch
c:\users\aaron\desktop\schoolwork\csci_522\milestone\peworkspace\code\primeengine\scene\defaultanimationsm.cpp(428): warning C4018: '<': signed/unsigned mismatch
c:\users\aaron\desktop\schoolwork\csci_522\milestone\peworkspace\code\primeengine\scene\defaultanimationsm.cpp(454): warning C4018: '<': signed/unsigned mismatch
c:\users\aaron\desktop\schoolwork\csci_522\milestone\peworkspace\code\primeengine\scene\defaultanimationsm.cpp(441): warning C4996: 'sprintf': This function or variable may be unsafe. Consider using sprintf_s instead. To disable deprecation, use _CRT_SECURE_NO_WARNINGS. See online help for details.
  c:\program files (x86)\windows kits\10\include\10.0.10240.0\ucrt\stdio.h(1769): note: see declaration of 'sprintf'
c:\users\aaron\desktop\schoolwork\csci_522\milestone\peworkspace\code\primeengine\scene\defaultanimationsm.cpp(479): warning C4996: 'sprintf': This function or variable may be unsafe. Consider using sprintf_s instead. To disable deprecation, use _CRT_SECURE_NO_WARNINGS. See online help for details.
  c:\program files (x86)\windows kits\10\include\10.0.10240.0\ucrt\stdio.h(1769): note: see declaration of 'sprintf'
c:\users\aaron\desktop\schoolwork\csci_522\milestone\peworkspace\code\primeengine\scene\defaultanimationsm.cpp(507): warning C4996: 'sprintf': This function or variable may be unsafe. Consider using sprintf_s instead. To disable deprecation, use _CRT_SECURE_NO_WARNINGS. See online help for details.
  c:\program files (x86)\windows kits\10\include\10.0.10240.0\ucrt\stdio.h(1769): note: see declaration of 'sprintf'
  SceneNode.cpp
c:\users\aaron\desktop\schoolwork\csci_522\milestone\peworkspace\code\primeengine\scene\linemesh.cpp(95): warning C4018: '<': signed/unsigned mismatch
c:\users\aaron\desktop\schoolwork\csci_522\milestone\peworkspace\code\primeengine\scene\mesh.cpp(100): warning C4996: 'sprintf': This function or variable may be unsafe. Consider using sprintf_s instead. To disable deprecation, use _CRT_SECURE_NO_WARNINGS. See online help for details.
  c:\program files (x86)\windows kits\10\include\10.0.10240.0\ucrt\stdio.h(1769): note: see declaration of 'sprintf'
c:\users\aaron\desktop\schoolwork\csci_522\milestone\peworkspace\code\primeengine\scene\mesh.cpp(108): warning C4474: 'sprintf' : too many arguments passed for format string
  c:\users\aaron\desktop\schoolwork\csci_522\milestone\peworkspace\code\primeengine\scene\mesh.cpp(108): note: placeholders and their parameters expect 1 variadic arguments, but 2 were provided
c:\users\aaron\desktop\schoolwork\csci_522\milestone\peworkspace\code\primeengine\scene\mesh.cpp(108): warning C4996: 'sprintf': This function or variable may be unsafe. Consider using sprintf_s instead. To disable deprecation, use _CRT_SECURE_NO_WARNINGS. See online help for details.
  c:\program files (x86)\windows kits\10\include\10.0.10240.0\ucrt\stdio.h(1769): note: see declaration of 'sprintf'
  Skeleton.cpp
  SkeletonInstance.cpp
  SkyVolumeMesh.cpp
  TextMesh.cpp
  TextSceneNode.cpp
c:\users\aaron\desktop\schoolwork\csci_522\milestone\peworkspace\code\primeengine\scene\meshmanager.cpp(44): warning C4996: 'sprintf': This function or variable may be unsafe. Consider using sprintf_s instead. To disable deprecation, use _CRT_SECURE_NO_WARNINGS. See online help for details.
  c:\program files (x86)\windows kits\10\include\10.0.10240.0\ucrt\stdio.h(1769): note: see declaration of 'sprintf'
c:\users\aaron\desktop\schoolwork\csci_522\milestone\peworkspace\code\primeengine\scene\meshmanager.cpp(96): warning C4996: 'sprintf': This function or variable may be unsafe. Consider using sprintf_s instead. To disable deprecation, use _CRT_SECURE_NO_WARNINGS. See online help for details.
  c:\program files (x86)\windows kits\10\include\10.0.10240.0\ucrt\stdio.h(1769): note: see declaration of 'sprintf'
  SoundManager.cpp
  Dir.cpp
c:\users\aaron\desktop\schoolwork\csci_522\milestone\peworkspace\code\primeengine\scene\sh_draw.cpp(204): warning C4018: '<': signed/unsigned mismatch
c:\users\aaron\desktop\schoolwork\csci_522\milestone\peworkspace\code\primeengine\scene\sh_draw.cpp(451): warning C4018: '<': signed/unsigned mismatch
  ErrorHandling.cpp
  Networkable.cpp
  PEString.cpp
c:\users\aaron\desktop\schoolwork\csci_522\milestone\peworkspace\code\primeengine\scene\skeleton.cpp(196): warning C4018: '<': signed/unsigned mismatch
ShaderAction.obj : warning LNK4221: This object file does not define any previously undefined public symbols, so it will not be used by any link operation that consumes this library
SetInstanceControlConstantsShaderAction.obj : warning LNK4221: This object file does not define any previously undefined public symbols, so it will not be used by any link operation that consumes this library
SA_SetAndBind_ConstResource_SingleObjectAnimationPalette.obj : warning LNK4221: This object file does not define any previously undefined public symbols, so it will not be used by any link operation that consumes this library
SA_SetAndBind_ConstResource_PerInstanceData.obj : warning LNK4221: This object file does not define any previously undefined public symbols, so it will not be used by any link operation that consumes this library
SA_SetAndBind_ConstResource_InstancedObjectsAnimationPalettes.obj : warning LNK4221: This object file does not define any previously undefined public symbols, so it will not be used by any link operation that consumes this library
SA_CopyInto_SysMem_FromInstancedObjectsAnimationCSReduceResult.obj : warning LNK4221: This object file does not define any previously undefined public symbols, so it will not be used by any link operation that consumes this library
Profiling.obj : warning LNK4221: This object file does not define any previously undefined public symbols, so it will not be used by any link operation that consumes this library
ParticleSystemCPU.obj : warning LNK4221: This object file does not define any previously undefined public symbols, so it will not be used by any link operation that consumes this library
ParticleBufferCPU.obj : warning LNK4221: This object file does not define any previously undefined public symbols, so it will not be used by any link operation that consumes this library
VertexBufferGPUInputGeoDescs.obj : warning LNK4221: This object file does not define any previously undefined public symbols, so it will not be used by any link operation that consumes this library
Effect_GL.obj : warning LNK4221: This object file does not define any previously undefined public symbols, so it will not be used by any link operation that consumes this library
Effect_D3D11.obj : warning LNK4221: This object file does not define any previously undefined public symbols, so it will not be used by any link operation that consumes this library
  PrimeEngine-win32d3d9.vcxproj -> C:\Users\aaron\Desktop\Schoolwork\CSCI_522\Milestone\PEWorkspace\Code\..\build\PrimeEngine-win32d3d9.lib
